<?xml version="1.0" encoding="UTF-8"?>
<!-- Generated by org.testng.reporters.JUnitReportReporter -->
<testsuite skipped="0" hostname="Mypc" name="com.qa.tests.LoginTestclass" tests="3" failures="0" timestamp="14 Mar 2019 16:10:27 GMT" time="32.824" errors="0">
  <testcase name="titleTest" time="21.003" classname="com.qa.tests.LoginTestclass"/>
  <testcase name="logoTest" time="0.047" classname="com.qa.tests.LoginTestclass"/>
  <testcase name="loginTest" time="11.774" classname="com.qa.tests.LoginTestclass"/>
</testsuite> <!-- com.qa.tests.LoginTestclass -->
