<?xml version="1.0" encoding="UTF-8"?>
<!-- Generated by org.testng.reporters.JUnitReportReporter -->
<testsuite skipped="0" hostname="Mypc" name="com.qa.tests.LoginTestclass" tests="3" failures="0" timestamp="28 Sep 2019 14:02:58 GMT" time="36.375" errors="0">
  <testcase name="titleTest" time="6.381" classname="com.qa.tests.LoginTestclass"/>
  <testcase name="logoTest" time="15.562" classname="com.qa.tests.LoginTestclass"/>
  <testcase name="loginTest" time="14.432" classname="com.qa.tests.LoginTestclass"/>
</testsuite> <!-- com.qa.tests.LoginTestclass -->
