<?xml version="1.0" encoding="UTF-8"?>
<!-- Generated by org.testng.reporters.JUnitReportReporter -->
<testsuite skipped="0" hostname="Mypc" name="com.qa.tests.LoginTestclass" tests="3" failures="0" timestamp="28 Sep 2019 15:03:23 GMT" time="29.970" errors="0">
  <testcase name="titleTest" time="7.701" classname="com.qa.tests.LoginTestclass"/>
  <testcase name="logoTest" time="6.515" classname="com.qa.tests.LoginTestclass"/>
  <testcase name="loginTest" time="15.754" classname="com.qa.tests.LoginTestclass"/>
</testsuite> <!-- com.qa.tests.LoginTestclass -->
